\BOOKMARK [1][]{section.1}{\376\377\116\000\060\001\000\040\225\356\230\230\221\315\217\360}{}% 1
\BOOKMARK [2][]{subsection.1.1}{\376\377\0001\000.\0001\000\040\225\356\230\230\200\314\146\157}{section.1}% 2
\BOOKMARK [2][]{subsection.1.2}{\376\377\0001\000.\0002\000\040\225\356\230\230\143\320\121\372}{section.1}% 3
\BOOKMARK [1][]{section.2}{\376\377\116\214\060\001\000\040\225\356\230\230\122\006\147\220}{}% 4
\BOOKMARK [2][]{subsection.2.1}{\376\377\0002\000.\0001\000\040\116\373\122\241\116\000\166\204\122\006\147\220}{section.2}% 5
\BOOKMARK [2][]{subsection.2.2}{\376\377\0002\000.\0002\000\040\116\373\122\241\116\214\166\204\122\006\147\220}{section.2}% 6
\BOOKMARK [2][]{subsection.2.3}{\376\377\0002\000.\0003\000\040\116\373\122\241\116\011\166\204\122\006\147\220}{section.2}% 7
\BOOKMARK [1][]{section.3}{\376\377\116\011\060\001\000\040\120\107\213\276\147\141\116\366}{}% 8
\BOOKMARK [1][]{section.4}{\376\377\126\333\060\001\000\040\173\046\123\367\213\364\146\016}{}% 9
\BOOKMARK [1][]{section.5}{\376\377\116\224\060\001\000\040\116\373\122\241\116\000\377\032\152\041\127\213\166\204\136\372\172\313\116\016\154\102\211\343}{}% 10
\BOOKMARK [2][]{subsection.5.1}{\376\377\0005\000.\0001\000\040\213\304\116\367\143\007\150\007\166\204\145\160\143\156\131\004\164\006}{section.5}% 11
\BOOKMARK [3][]{subsubsection.5.1.1}{\376\377\0005\000.\0001\000.\0001\000\040\134\102\153\041\122\006\147\220\154\325}{subsection.5.1}% 12
\BOOKMARK [3][]{subsubsection.5.1.2}{\376\377\0005\000.\0001\000.\0002\000\040\116\073\142\020\122\006\122\006\147\220\154\325}{subsection.5.1}% 13
\BOOKMARK [2][]{subsection.5.2}{\376\377\0005\000.\0002\000\040\127\372\116\216\000Q\127\213\200\132\174\173\122\006\147\220\166\204\131\032\121\103\176\277\140\047\126\336\137\122\152\041\127\213}{section.5}% 14
\BOOKMARK [2][]{subsection.5.3}{\376\377\0005\000.\0003\000\040\215\055\142\077\136\372\213\256}{section.5}% 15
\BOOKMARK [3][]{subsubsection.5.3.1}{\376\377\0005\000.\0003\000.\0001\000\040\117\235\143\156\133\266\136\255\227\000\154\102}{subsection.5.3}% 16
\BOOKMARK [3][]{subsubsection.5.3.2}{\376\377\0005\000.\0003\000.\0002\000\040\117\235\143\156\152\041\127\213\176\323\147\234}{subsection.5.3}% 17
\BOOKMARK [1][]{section.6}{\376\377\121\155\060\001\000\040\116\373\122\241\116\214\377\032\152\041\127\213\166\204\150\300\232\214\116\016\145\071\217\333}{}% 18
\BOOKMARK [1][]{section.7}{\376\377\116\003\060\001\000\040\116\373\122\241\116\011\377\032\230\204\155\113\116\016\122\006\147\220}{}% 19
\BOOKMARK [2][]{subsection.7.1}{\376\377\0007\000.\0001\000\040\145\077\173\126\232\161\122\250\117\134\165\050}{section.7}% 20
\BOOKMARK [2][]{subsection.7.2}{\376\377\0007\000.\0002\000\040\116\367\150\074\123\312\142\020\116\244\221\317\215\160\122\277\230\204\155\113}{section.7}% 21
\BOOKMARK [1][]{section.8}{\376\377\121\153\060\001\000\040\152\041\127\213\166\204\213\304\116\367\116\016\143\250\136\177}{}% 22
\BOOKMARK [2][]{subsection.8.1}{\376\377\0008\000.\0001\000\040\117\030\160\271}{section.8}% 23
\BOOKMARK [2][]{subsection.8.2}{\376\377\0008\000.\0002\000\040\177\072\160\271}{section.8}% 24
\BOOKMARK [2][]{subsection.8.3}{\376\377\0008\000.\0003\000\040\152\041\127\213\166\204\143\250\136\177}{section.8}% 25
\BOOKMARK [1][]{section*.20}{\376\377\123\302\200\003\145\207\163\056}{}% 26
\BOOKMARK [1][]{appendix.a.A}{\376\377\226\104\137\125\000\040\000A\000\040\000M\000A\000T\000L\000A\000B\172\013\136\217}{}% 27
\BOOKMARK [2][]{subsection.a.A.1}{\376\377\0001\000.\0001\000\040\000d\000i\000f\000f\000\137\000v\000i\000e\000w\000\137\000o\000f\000\137\000d\000a\000t\000a\000.\000m}{appendix.a.A}% 28
\BOOKMARK [2][]{subsection.a.A.2}{\376\377\0001\000.\0002\000\040\000d\000i\000v\000i\000d\000e\000\137\000g\000r\000o\000u\000p\000.\000m}{appendix.a.A}% 29
\BOOKMARK [1][]{appendix.a.B}{\376\377\226\104\137\125\000\040\000B\000\040\000S\000P\000S\000S\116\244\116\222\124\175\116\344}{}% 30
\BOOKMARK [1][]{appendix.a.C}{\376\377\226\104\137\125\000\040\000C\000\040\000J\000u\000p\000y\000t\000e\000r\116\343\170\001}{}% 31
