\BOOKMARK [1][]{section.1}{\376\377\116\000\060\001\000\040\225\356\230\230\200\314\146\157\116\016\221\315\217\360}{}% 1
\BOOKMARK [2][]{subsection.1.1}{\376\377\0001\000.\0001\000\040\225\356\230\230\200\314\146\157}{section.1}% 2
\BOOKMARK [2][]{subsection.1.2}{\376\377\0001\000.\0002\000\040\225\356\230\230\221\315\217\360}{section.1}% 3
\BOOKMARK [1][]{section.2}{\376\377\116\214\060\001\000\040\225\356\230\230\122\006\147\220}{}% 4
\BOOKMARK [2][]{subsection.2.1}{\376\377\0002\000.\0001\000\040\225\356\230\230\116\000\166\204\122\006\147\220\377\032}{section.2}% 5
\BOOKMARK [2][]{subsection.2.2}{\376\377\0002\000.\0002\000\040\225\356\230\230\116\214\166\204\122\006\147\220\377\032}{section.2}% 6
\BOOKMARK [2][]{subsection.2.3}{\376\377\0002\000.\0003\000\040\225\356\230\230\116\011\166\204\122\006\147\220\377\032}{section.2}% 7
\BOOKMARK [2][]{subsection.2.4}{\376\377\0002\000.\0004\000\040\225\356\230\230\126\333\166\204\122\006\147\220\377\032}{section.2}% 8
\BOOKMARK [1][]{section.3}{\376\377\116\011\060\001\000\040\152\041\127\213\120\107\213\276}{}% 9
\BOOKMARK [1][]{section.4}{\376\377\126\333\060\001\000\040\173\046\123\367\213\364\146\016}{}% 10
\BOOKMARK [1][]{section.5}{\376\377\116\224\060\001\000\040\225\356\230\230\116\000\377\032}{}% 11
\BOOKMARK [2][]{subsection.5.1}{\376\377\0005\000.\0001\000\040\225\356\230\230\116\000\173\054\116\000\220\350\122\006\377\032\122\006\147\220\163\273\164\203\145\207\162\151\210\150\227\142\230\316\123\026\116\016\163\273\164\203\174\173\127\213\060\001\176\271\231\160\060\001\230\234\202\162\225\364\166\204\121\163\174\373}{section.5}% 12
\BOOKMARK [3][]{subsubsection.5.1.1}{\376\377\0005\000.\0001\000.\0001\000\040\145\160\143\156\166\204\230\204\131\004\164\006}{subsection.5.1}% 13
\BOOKMARK [3][]{subsubsection.5.1.2}{\376\377\0005\000.\0001\000.\0002\000\040\127\372\116\216\123\141\145\271\122\006\147\220\166\204\116\044\116\044\166\370\121\163\140\047\122\044\145\255}{subsection.5.1}% 14
\BOOKMARK [3][]{subsubsection.5.1.3}{\376\377\0005\000.\0001\000.\0003\000\040\127\372\116\216\176\337\213\241\126\376\166\204\143\007\150\007\176\304\124\010}{subsection.5.1}% 15
\BOOKMARK [2][]{subsection.5.2}{\376\377\0005\000.\0002\000\040\225\356\230\230\116\000\173\054\116\214\220\350\122\006\377\032\122\006\174\173\122\006\147\220\123\026\133\146\142\020\122\006\124\053\221\317\166\204\176\337\213\241\211\304\137\213}{section.5}% 16
\BOOKMARK [3][]{subsubsection.5.2.1}{\376\377\0005\000.\0002\000.\0001\000\040\124\004\123\026\133\146\142\020\122\006\124\053\221\317\226\367\217\276\126\376}{subsection.5.2}% 17
\BOOKMARK [3][]{subsubsection.5.2.2}{\376\377\0005\000.\0002\000.\0002\000\040\166\370\121\163\140\047\150\300\232\214}{subsection.5.2}% 18
\BOOKMARK [3][]{subsubsection.5.2.3}{\376\377\0005\000.\0002\000.\0003\000\040\162\354\172\313\150\067\147\054\000t\150\300\232\214}{subsection.5.2}% 19
\BOOKMARK [2][]{subsection.5.3}{\376\377\0005\000.\0003\000\040\225\356\230\230\116\000\173\054\116\011\220\350\122\006\377\032\230\204\155\113\230\316\123\026\160\271\230\316\123\026\122\115\123\026\133\146\142\020\122\006\124\053\221\317}{section.5}% 20
\BOOKMARK [1][]{section.6}{\376\377\121\155\060\001\000\040\225\356\230\230\116\214\377\032}{}% 21
\BOOKMARK [2][]{subsection.6.1}{\376\377\0006\000.\0001\000\040\225\356\230\230\116\214\173\054\116\000\220\350\122\006\377\032\000S\000V\000M\122\006\174\173\147\072\122\006\147\220\232\330\224\276\060\001\224\305\224\241\163\273\164\203\166\204\122\006\174\173\211\304\137\213}{section.6}% 22
\BOOKMARK [2][]{subsection.6.2}{\376\377\0006\000.\0002\000\040\225\356\230\230\116\214\173\054\116\214\220\350\122\006\377\032\220\011\142\351\124\010\220\002\123\026\133\146\142\020\122\006\377\014\165\061\000K\000M\000e\000a\000n\000s\200\132\174\173\122\006\147\220\122\022\122\006\163\273\164\203\174\173\122\053\116\232\174\173}{section.6}% 23
\BOOKMARK [2][]{subsection.6.3}{\376\377\0006\000.\0003\000\040\225\356\230\230\116\214\173\054\116\011\220\350\122\006\377\032\124\010\164\006\140\047\116\016\145\117\141\037\140\047\150\300\232\214}{section.6}% 24
\BOOKMARK [1][]{section.7}{\376\377\116\003\060\001\000\040\225\356\230\230\116\011\377\032}{}% 25
\BOOKMARK [2][]{subsection.7.1}{\376\377\0007\000.\0001\000\040\174\173\127\213\116\016\116\232\174\173\137\122\134\136}{section.7}% 26
\BOOKMARK [2][]{subsection.7.2}{\376\377\0007\000.\0002\000\040\145\117\141\037\140\047\122\006\147\220}{section.7}% 27
\BOOKMARK [1][]{section.8}{\376\377\121\153\060\001\000\040\225\356\230\230\126\333\377\032}{}% 28
\BOOKMARK [2][]{subsection.8.1}{\376\377\0008\000.\0001\000\040\145\271\135\356\122\006\147\220\152\041\127\213\122\006\174\173\210\141\221\317\142\020\122\006\135\356\137\002}{section.8}% 29
\BOOKMARK [2][]{subsection.8.2}{\376\377\0008\000.\0002\000\040\176\323\147\234\122\006\147\220}{section.8}% 30
\BOOKMARK [1][]{section.9}{\376\377\116\135\060\001\000\040\152\041\127\213\166\204\213\304\116\367\116\016\143\250\136\177}{}% 31
\BOOKMARK [2][]{subsection.9.1}{\376\377\0009\000.\0001\000\040\152\041\127\213\166\204\117\030\177\072\160\271}{section.9}% 32
\BOOKMARK [2][]{subsection.9.2}{\376\377\0009\000.\0002\000\040\152\041\127\213\166\204\143\250\136\177}{section.9}% 33
\BOOKMARK [1][]{appendix.a.A}{\376\377\226\104\137\125\000\040\000A\000\040\173\054\116\000\225\356\172\013\136\217}{}% 34
\BOOKMARK [2][]{subsection.a.A.1}{\376\377\0001\000.\0001\000\040\000M\000A\000T\000L\000A\000B\172\013\136\217}{appendix.a.A}% 35
\BOOKMARK [2][]{subsection.a.A.2}{\376\377\0001\000.\0002\000\040\000P\000y\000t\000h\000o\000n\116\343\170\001}{appendix.a.A}% 36
\BOOKMARK [2][]{subsection.a.A.3}{\376\377\0001\000.\0003\000\040\000E\000x\000c\000e\000l\126\376\210\150}{appendix.a.A}% 37
\BOOKMARK [1][]{appendix.a.B}{\376\377\226\104\137\125\000\040\000B\000\040\173\054\116\214\225\356\172\013\136\217}{}% 38
\BOOKMARK [2][]{subsection.a.B.1}{\376\377\0002\000.\0001\000\040\000P\000y\000t\000h\000o\000n\116\343\170\001}{appendix.a.B}% 39
\BOOKMARK [2][]{subsection.a.B.2}{\376\377\0002\000.\0002\000\040\000E\000x\000c\000e\000l\126\376\210\150}{appendix.a.B}% 40
\BOOKMARK [1][]{appendix.a.C}{\376\377\226\104\137\125\000\040\000C\000\040\173\054\116\011\225\356}{}% 41
\BOOKMARK [2][]{subsection.a.C.1}{\376\377\0003\000.\0001\000\040\000P\000y\000t\000h\000o\000n\116\343\170\001}{appendix.a.C}% 42
